SF:lib/src/entity/country.dart
DA:6,2
DA:8,1
DA:9,4
LF:3
LH:3
end_of_record
SF:lib/src/entity/weather.dart
DA:11,1
DA:20,1
DA:21,2
DA:22,1
DA:24,1
DA:25,1
DA:27,2
DA:28,2
DA:29,2
DA:33,0
DA:34,0
DA:35,0
DA:36,0
DA:37,0
DA:38,0
DA:39,0
DA:40,0
LF:17
LH:9
end_of_record
SF:lib/src/business/weather_state.dart
DA:7,1
DA:9,0
DA:17,1
DA:19,1
DA:21,2
DA:23,2
DA:25,2
DA:26,1
DA:27,1
DA:28,1
DA:30,2
DA:31,2
DA:35,1
DA:39,2
DA:40,1
DA:41,2
DA:43,2
DA:47,1
DA:48,2
DA:49,2
LF:20
LH:19
end_of_record
SF:lib/src/entity/weather.dart
DA:11,1
DA:20,0
DA:21,0
DA:22,0
DA:24,0
DA:25,0
DA:27,0
DA:28,0
DA:29,0
DA:33,0
DA:34,0
DA:35,0
DA:36,0
DA:37,0
DA:38,0
DA:39,0
DA:40,0
LF:17
LH:1
end_of_record
SF:lib/src/repository/weather/weather_repository.dart
DA:9,1
DA:11,1
DA:17,2
DA:20,1
DA:25,2
DA:28,1
DA:30,2
DA:33,1
DA:35,2
DA:38,1
DA:40,2
DA:43,1
DA:45,2
LF:13
LH:13
end_of_record
SF:lib/src/repository/weather/weather_restful_service.dart
DA:11,0
DA:12,0
DA:13,0
DA:14,0
DA:15,0
DA:16,0
DA:18,0
DA:20,0
DA:21,0
DA:24,0
DA:30,0
DA:32,0
DA:33,0
DA:36,0
DA:40,0
DA:42,0
DA:44,0
DA:45,0
DA:48,0
DA:49,0
DA:53,0
DA:56,0
DA:58,0
DA:60,0
DA:61,0
DA:64,0
DA:68,0
DA:71,0
DA:74,0
DA:76,0
DA:79,0
DA:82,0
LF:32
LH:0
end_of_record
SF:lib/src/repository/weather/weather_sqlite_service.dart
DA:9,0
DA:10,0
DA:24,0
DA:26,0
DA:30,0
DA:31,0
DA:32,0
DA:33,0
DA:34,0
DA:35,0
DA:36,0
DA:43,0
DA:48,0
DA:49,0
DA:52,0
DA:54,0
DA:55,0
DA:56,0
DA:62,0
DA:64,0
DA:69,0
DA:72,0
DA:79,0
DA:82,0
DA:85,0
DA:88,0
DA:91,0
LF:27
LH:0
end_of_record
SF:lib/src/utils/app_utils.dart
DA:4,1
DA:5,4
DA:8,1
DA:12,1
DA:13,3
LF:5
LH:5
end_of_record
